# JRE version: OpenJDK Runtime Environment (11.0.8+10) (build 11.0.8+10-b944.6842174)
# Java VM: OpenJDK 64-Bit Server VM (11.0.8+10-b944.6842174, mixed mode, tiered, compressed oops, g1 gc, windows-amd64)
Heap:
 garbage-first heap   total 262144K, used 220972K [0x0000000080000000, 0x0000000100000000)
  region size 1024K, 54 young (55296K), 9 survivors (9216K)
 Metaspace       used 119992K, capacity 123496K, committed 123684K, reserved 1157120K
  class space    used 14498K, capacity 15747K, committed 15872K, reserved 1048576K
GC Heap History (20 events):
Event: 5098.845 GC heap before
{Heap before GC invocations=210 (full 0):
 garbage-first heap   total 262144K, used 169308K [0x0000000080000000, 0x0000000100000000)
  region size 1024K, 63 young (64512K), 2 survivors (2048K)
 Metaspace       used 117696K, capacity 120700K, committed 121636K, reserved 1155072K
  class space    used 14221K, capacity 15321K, committed 15616K, reserved 1048576K
}
Event: 5098.853 GC heap after
{Heap after GC invocations=211 (full 0):
 garbage-first heap   total 262144K, used 93249K [0x0000000080000000, 0x0000000100000000)
  region size 1024K, 5 young (5120K), 5 survivors (5120K)
 Metaspace       used 117696K, capacity 120700K, committed 121636K, reserved 1155072K
  class space    used 14221K, capacity 15321K, committed 15616K, reserved 1048576K
}
Event: 5099.017 GC heap before
{Heap before GC invocations=211 (full 0):
 garbage-first heap   total 262144K, used 99393K [0x0000000080000000, 0x0000000100000000)
  region size 1024K, 12 young (12288K), 5 survivors (5120K)
 Metaspace       used 118236K, capacity 121353K, committed 122148K, reserved 1157120K
  class space    used 14294K, capacity 15427K, committed 15616K, reserved 1048576K
}
Event: 5099.032 GC heap after
{Heap after GC invocations=212 (full 0):
 garbage-first heap   total 262144K, used 74529K [0x0000000080000000, 0x0000000100000000)
  region size 1024K, 1 young (1024K), 1 survivors (1024K)
 Metaspace       used 118236K, capacity 121353K, committed 122148K, reserved 1157120K
  class space    used 14294K, capacity 15427K, committed 15616K, reserved 1048576K
}
Event: 5102.038 GC heap before
{Heap before GC invocations=212 (full 0):
 garbage-first heap   total 262144K, used 168737K [0x0000000080000000, 0x0000000100000000)
  region size 1024K, 94 young (96256K), 1 survivors (1024K)
 Metaspace       used 118811K, capacity 121956K, committed 122788K, reserved 1157120K
  class space    used 14351K, capacity 15482K, committed 15744K, reserved 1048576K
}
Event: 5102.054 GC heap after
{Heap after GC invocations=213 (full 0):
 garbage-first heap   total 262144K, used 79335K [0x0000000080000000, 0x0000000100000000)
  region size 1024K, 6 young (6144K), 6 survivors (6144K)
 Metaspace       used 118811K, capacity 121956K, committed 122788K, reserved 1157120K
  class space    used 14351K, capacity 15482K, committed 15744K, reserved 1048576K
}
Event: 5103.735 GC heap before
{Heap before GC invocations=214 (full 0):
 garbage-first heap   total 262144K, used 182759K [0x0000000080000000, 0x0000000100000000)
  region size 1024K, 102 young (104448K), 6 survivors (6144K)
 Metaspace       used 119016K, capacity 122162K, committed 122788K, reserved 1157120K
  class space    used 14361K, capacity 15495K, committed 15744K, reserved 1048576K
}
Event: 5103.748 GC heap after
{Heap after GC invocations=215 (full 0):
 garbage-first heap   total 262144K, used 86081K [0x0000000080000000, 0x0000000100000000)
  region size 1024K, 8 young (8192K), 8 survivors (8192K)
 Metaspace       used 119016K, capacity 122162K, committed 122788K, reserved 1157120K
  class space    used 14361K, capacity 15495K, committed 15744K, reserved 1048576K
}
Event: 5103.755 GC heap before
{Heap before GC invocations=215 (full 0):
 garbage-first heap   total 262144K, used 90177K [0x0000000080000000, 0x0000000100000000)
  region size 1024K, 12 young (12288K), 8 survivors (8192K)
 Metaspace       used 119018K, capacity 122163K, committed 122788K, reserved 1157120K
  class space    used 14361K, capacity 15495K, committed 15744K, reserved 1048576K
}
Event: 5103.767 GC heap after
{Heap after GC invocations=216 (full 0):
 garbage-first heap   total 262144K, used 84622K [0x0000000080000000, 0x0000000100000000)
  region size 1024K, 2 young (2048K), 2 survivors (2048K)
 Metaspace       used 119018K, capacity 122163K, committed 122788K, reserved 1157120K
  class space    used 14361K, capacity 15495K, committed 15744K, reserved 1048576K
}
Event: 5104.361 GC heap before
{Heap before GC invocations=216 (full 0):
 garbage-first heap   total 262144K, used 145038K [0x0000000080000000, 0x0000000100000000)
  region size 1024K, 63 young (64512K), 2 survivors (2048K)
 Metaspace       used 119259K, capacity 122447K, committed 123044K, reserved 1157120K
  class space    used 14364K, capacity 15498K, committed 15744K, reserved 1048576K
}
Event: 5104.389 GC heap after
{Heap after GC invocations=217 (full 0):
 garbage-first heap   total 262144K, used 94750K [0x0000000080000000, 0x0000000100000000)
  region size 1024K, 12 young (12288K), 12 survivors (12288K)
 Metaspace       used 119259K, capacity 122447K, committed 123044K, reserved 1157120K
  class space    used 14364K, capacity 15498K, committed 15744K, reserved 1048576K
}
Event: 5105.323 GC heap before
{Heap before GC invocations=218 (full 0):
 garbage-first heap   total 262144K, used 204318K [0x0000000080000000, 0x0000000100000000)
  region size 1024K, 103 young (105472K), 12 survivors (12288K)
 Metaspace       used 119295K, capacity 122483K, committed 123044K, reserved 1157120K
  class space    used 14367K, capacity 15504K, committed 15744K, reserved 1048576K
}
Event: 5105.390 GC heap after
{Heap after GC invocations=219 (full 0):
 garbage-first heap   total 262144K, used 126941K [0x0000000080000000, 0x0000000100000000)
  region size 1024K, 13 young (13312K), 13 survivors (13312K)
 Metaspace       used 119295K, capacity 122483K, committed 123044K, reserved 1157120K
  class space    used 14367K, capacity 15504K, committed 15744K, reserved 1048576K
}
Event: 5105.398 GC heap before
{Heap before GC invocations=219 (full 0):
 garbage-first heap   total 262144K, used 126941K [0x0000000080000000, 0x0000000100000000)
  region size 1024K, 14 young (14336K), 13 survivors (13312K)
 Metaspace       used 119295K, capacity 122483K, committed 123044K, reserved 1157120K
  class space    used 14367K, capacity 15504K, committed 15744K, reserved 1048576K
}
Event: 5105.438 GC heap after
{Heap after GC invocations=220 (full 0):
 garbage-first heap   total 262144K, used 128512K [0x0000000080000000, 0x0000000100000000)
  region size 1024K, 2 young (2048K), 2 survivors (2048K)
 Metaspace       used 119295K, capacity 122483K, committed 123044K, reserved 1157120K
  class space    used 14367K, capacity 15504K, committed 15744K, reserved 1048576K
}
Event: 5105.514 GC heap before
{Heap before GC invocations=220 (full 0):
 garbage-first heap   total 262144K, used 138752K [0x0000000080000000, 0x0000000100000000)
  region size 1024K, 13 young (13312K), 2 survivors (2048K)
 Metaspace       used 119296K, capacity 122483K, committed 123044K, reserved 1157120K
  class space    used 14367K, capacity 15504K, committed 15744K, reserved 1048576K
}
Event: 5105.528 GC heap after
{Heap after GC invocations=221 (full 0):
 garbage-first heap   total 262144K, used 132025K [0x0000000080000000, 0x0000000100000000)
  region size 1024K, 5 young (5120K), 5 survivors (5120K)
 Metaspace       used 119296K, capacity 122483K, committed 123044K, reserved 1157120K
  class space    used 14367K, capacity 15504K, committed 15744K, reserved 1048576K
}
Event: 5105.927 GC heap before
{Heap before GC invocations=221 (full 0):
 garbage-first heap   total 262144K, used 209849K [0x0000000080000000, 0x0000000100000000)
  region size 1024K, 68 young (69632K), 5 survivors (5120K)
 Metaspace       used 119297K, capacity 122483K, committed 123044K, reserved 1157120K
  class space    used 14367K, capacity 15504K, committed 15744K, reserved 1048576K
}
Event: 5105.960 GC heap after
{Heap after GC invocations=222 (full 0):
 garbage-first heap   total 262144K, used 157484K [0x0000000080000000, 0x0000000100000000)
  region size 1024K, 9 young (9216K), 9 survivors (9216K)
 Metaspace       used 119297K, capacity 122483K, committed 123044K, reserved 1157120K
  class space    used 14367K, capacity 15504K, committed 15744K, reserved 1048576K
}

